2026.02.17, 18:28:16.0749 UTC -> 
------------------------------------------------------------------------------------------
--- CopyPaste.me - Frictionless sharing between devices                                ---
--- Created by The Social Code                                                         ---
---                                                                                    ---
--- @author  Sebastian Kersten                                                         ---
---                                                                                    ---
--- Please help keeping this service free by donating: https://paypal.me/thesocialcode ---
---                                                                                    ---
--- listening on *:3000 {"https":false,"mongo":false,"mongoauthenticate":false}        ---
------------------------------------------------------------------------------------------


2026.02.17, 18:48:20.0733 UTC -> 
------------------------------------------------------------------------------------------
--- CopyPaste.me - Frictionless sharing between devices                                ---
--- Created by The Social Code                                                         ---
---                                                                                    ---
--- @author  Sebastian Kersten                                                         ---
---                                                                                    ---
--- Please help keeping this service free by donating: https://paypal.me/thesocialcode ---
---                                                                                    ---
--- listening on *:3000 {"https":false,"mongo":false,"mongoauthenticate":false}        ---
------------------------------------------------------------------------------------------


2026.02.17, 18:50:15.0638 UTC -> 
------------------------------------------------------------------------------------------
--- CopyPaste.me - Frictionless sharing between devices                                ---
--- Created by The Social Code                                                         ---
---                                                                                    ---
--- @author  Sebastian Kersten                                                         ---
---                                                                                    ---
--- Please help keeping this service free by donating: https://paypal.me/thesocialcode ---
---                                                                                    ---
--- listening on *:3000 {"https":false,"mongo":false,"mongoauthenticate":false}        ---
------------------------------------------------------------------------------------------


2026.02.17, 18:54:02.0655 UTC -> 
------------------------------------------------------------------------------------------
--- CopyPaste.me - Frictionless sharing between devices                                ---
--- Created by The Social Code                                                         ---
---                                                                                    ---
--- @author  Sebastian Kersten                                                         ---
---                                                                                    ---
--- Please help keeping this service free by donating: https://paypal.me/thesocialcode ---
---                                                                                    ---
--- listening on *:3000 {"https":false,"mongo":false,"mongoauthenticate":false}        ---
------------------------------------------------------------------------------------------


2026.02.17, 19:05:12.0667 UTC -> 
------------------------------------------------------------------------------------------
--- CopyPaste.me - Frictionless sharing between devices                                ---
--- Created by The Social Code                                                         ---
---                                                                                    ---
--- @author  Sebastian Kersten                                                         ---
---                                                                                    ---
--- Please help keeping this service free by donating: https://paypal.me/thesocialcode ---
---                                                                                    ---
--- listening on *:3000 {"https":false,"mongo":false,"mongoauthenticate":false}        ---
------------------------------------------------------------------------------------------


2026.02.17, 19:18:08.0960 UTC -> 
------------------------------------------------------------------------------------------
--- CopyPaste.me - Frictionless sharing between devices                                ---
--- Created by The Social Code                                                         ---
---                                                                                    ---
--- @author  Sebastian Kersten                                                         ---
---                                                                                    ---
--- Please help keeping this service free by donating: https://paypal.me/thesocialcode ---
---                                                                                    ---
--- listening on *:3000 {"https":false,"mongo":false,"mongoauthenticate":false}        ---
------------------------------------------------------------------------------------------


2026.02.17, 19:19:09.0613 UTC -> 
------------------------------------------------------------------------------------------
--- CopyPaste.me - Frictionless sharing between devices                                ---
--- Created by The Social Code                                                         ---
---                                                                                    ---
--- @author  Sebastian Kersten                                                         ---
---                                                                                    ---
--- Please help keeping this service free by donating: https://paypal.me/thesocialcode ---
---                                                                                    ---
--- listening on *:3000 {"https":false,"mongo":false,"mongoauthenticate":false}        ---
------------------------------------------------------------------------------------------


2026.02.17, 19:19:31.0170 UTC -> 
------------------------------------------------------------------------------------------
--- CopyPaste.me - Frictionless sharing between devices                                ---
--- Created by The Social Code                                                         ---
---                                                                                    ---
--- @author  Sebastian Kersten                                                         ---
---                                                                                    ---
--- Please help keeping this service free by donating: https://paypal.me/thesocialcode ---
---                                                                                    ---
--- listening on *:3000 {"https":false,"mongo":false,"mongoauthenticate":false}        ---
------------------------------------------------------------------------------------------


2026.02.17, 19:19:43.0441 UTC -> 
------------------------------------------------------------------------------------------
--- CopyPaste.me - Frictionless sharing between devices                                ---
--- Created by The Social Code                                                         ---
---                                                                                    ---
--- @author  Sebastian Kersten                                                         ---
---                                                                                    ---
--- Please help keeping this service free by donating: https://paypal.me/thesocialcode ---
---                                                                                    ---
--- listening on *:3000 {"https":false,"mongo":false,"mongoauthenticate":false}        ---
------------------------------------------------------------------------------------------


2026.02.17, 19:20:42.0201 UTC -> 
------------------------------------------------------------------------------------------
--- CopyPaste.me - Frictionless sharing between devices                                ---
--- Created by The Social Code                                                         ---
---                                                                                    ---
--- @author  Sebastian Kersten                                                         ---
---                                                                                    ---
--- Please help keeping this service free by donating: https://paypal.me/thesocialcode ---
---                                                                                    ---
--- listening on *:3000 {"https":false,"mongo":false,"mongoauthenticate":false}        ---
------------------------------------------------------------------------------------------


2026.02.17, 19:22:18.0398 UTC -> 
------------------------------------------------------------------------------------------
--- CopyPaste.me - Frictionless sharing between devices                                ---
--- Created by The Social Code                                                         ---
---                                                                                    ---
--- @author  Sebastian Kersten                                                         ---
---                                                                                    ---
--- Please help keeping this service free by donating: https://paypal.me/thesocialcode ---
---                                                                                    ---
--- listening on *:3000 {"https":false,"mongo":false,"mongoauthenticate":false}        ---
------------------------------------------------------------------------------------------


2026.02.17, 19:28:02.0053 UTC -> 
------------------------------------------------------------------------------------------
--- CopyPaste.me - Frictionless sharing between devices                                ---
--- Created by The Social Code                                                         ---
---                                                                                    ---
--- @author  Sebastian Kersten                                                         ---
---                                                                                    ---
--- Please help keeping this service free by donating: https://paypal.me/thesocialcode ---
---                                                                                    ---
--- listening on *:3000 {"https":false,"mongo":false,"mongoauthenticate":false}        ---
------------------------------------------------------------------------------------------


2026.02.18, 04:16:11.0766 UTC -> 
------------------------------------------------------------------------------------------
--- CopyPaste.me - Frictionless sharing between devices                                ---
--- Created by The Social Code                                                         ---
---                                                                                    ---
--- @author  Sebastian Kersten                                                         ---
---                                                                                    ---
--- Please help keeping this service free by donating: https://paypal.me/thesocialcode ---
---                                                                                    ---
--- listening on *:3000 {"https":false,"mongo":false,"mongoauthenticate":false}        ---
------------------------------------------------------------------------------------------


2026.02.18, 08:20:43.0087 UTC -> 
------------------------------------------------------------------------------------------
--- CopyPaste.me - Frictionless sharing between devices                                ---
--- Created by The Social Code                                                         ---
---                                                                                    ---
--- @author  Sebastian Kersten                                                         ---
---                                                                                    ---
--- Please help keeping this service free by donating: https://paypal.me/thesocialcode ---
---                                                                                    ---
--- listening on *:3000 {"https":false,"mongo":false,"mongoauthenticate":false}        ---
------------------------------------------------------------------------------------------


2026.02.18, 08:42:24.0184 UTC -> 
------------------------------------------------------------------------------------------
--- CopyPaste.me - Frictionless sharing between devices                                ---
--- Created by The Social Code                                                         ---
---                                                                                    ---
--- @author  Sebastian Kersten                                                         ---
---                                                                                    ---
--- Please help keeping this service free by donating: https://paypal.me/thesocialcode ---
---                                                                                    ---
--- listening on *:3000 {"https":false,"mongo":false,"mongoauthenticate":false}        ---
------------------------------------------------------------------------------------------


2026.02.18, 08:47:29.0169 UTC -> 
------------------------------------------------------------------------------------------
--- CopyPaste.me - Frictionless sharing between devices                                ---
--- Created by The Social Code                                                         ---
---                                                                                    ---
--- @author  Sebastian Kersten                                                         ---
---                                                                                    ---
--- Please help keeping this service free by donating: https://paypal.me/thesocialcode ---
---                                                                                    ---
--- listening on *:3000 {"https":false,"mongo":false,"mongoauthenticate":false}        ---
------------------------------------------------------------------------------------------


2026.02.18, 08:55:02.0495 UTC -> 
------------------------------------------------------------------------------------------
--- CopyPaste.me - Frictionless sharing between devices                                ---
--- Created by The Social Code                                                         ---
---                                                                                    ---
--- @author  Sebastian Kersten                                                         ---
---                                                                                    ---
--- Please help keeping this service free by donating: https://paypal.me/thesocialcode ---
---                                                                                    ---
--- listening on *:3000 {"https":false,"mongo":false,"mongoauthenticate":false}        ---
------------------------------------------------------------------------------------------


2026.02.18, 08:57:28.0644 UTC -> 
------------------------------------------------------------------------------------------
--- CopyPaste.me - Frictionless sharing between devices                                ---
--- Created by The Social Code                                                         ---
---                                                                                    ---
--- @author  Sebastian Kersten                                                         ---
---                                                                                    ---
--- Please help keeping this service free by donating: https://paypal.me/thesocialcode ---
---                                                                                    ---
--- listening on *:3000 {"https":false,"mongo":false,"mongoauthenticate":false}        ---
------------------------------------------------------------------------------------------


2026.02.18, 08:58:17.0764 UTC -> 
------------------------------------------------------------------------------------------
--- CopyPaste.me - Frictionless sharing between devices                                ---
--- Created by The Social Code                                                         ---
---                                                                                    ---
--- @author  Sebastian Kersten                                                         ---
---                                                                                    ---
--- Please help keeping this service free by donating: https://paypal.me/thesocialcode ---
---                                                                                    ---
--- listening on *:3000 {"https":false,"mongo":false,"mongoauthenticate":false}        ---
------------------------------------------------------------------------------------------


2026.02.18, 09:05:18.0796 UTC -> 
------------------------------------------------------------------------------------------
--- CopyPaste.me - Frictionless sharing between devices                                ---
--- Created by The Social Code                                                         ---
---                                                                                    ---
--- @author  Sebastian Kersten                                                         ---
---                                                                                    ---
--- Please help keeping this service free by donating: https://paypal.me/thesocialcode ---
---                                                                                    ---
--- listening on *:3000 {"https":false,"mongo":false,"mongoauthenticate":false}        ---
------------------------------------------------------------------------------------------


2026.02.18, 09:27:19.0321 UTC -> 
------------------------------------------------------------------------------------------
--- CopyPaste.me - Frictionless sharing between devices                                ---
--- Created by The Social Code                                                         ---
---                                                                                    ---
--- @author  Sebastian Kersten                                                         ---
---                                                                                    ---
--- Please help keeping this service free by donating: https://paypal.me/thesocialcode ---
---                                                                                    ---
--- listening on *:3000 {"https":false,"mongo":false,"mongoauthenticate":false}        ---
------------------------------------------------------------------------------------------


2026.02.18, 09:27:41.0323 UTC -> 
------------------------------------------------------------------------------------------
--- CopyPaste.me - Frictionless sharing between devices                                ---
--- Created by The Social Code                                                         ---
---                                                                                    ---
--- @author  Sebastian Kersten                                                         ---
---                                                                                    ---
--- Please help keeping this service free by donating: https://paypal.me/thesocialcode ---
---                                                                                    ---
--- listening on *:3000 {"https":false,"mongo":false,"mongoauthenticate":false}        ---
------------------------------------------------------------------------------------------


2026.02.18, 09:35:56.0491 UTC -> 
------------------------------------------------------------------------------------------
--- CopyPaste.me - Frictionless sharing between devices                                ---
--- Created by The Social Code                                                         ---
---                                                                                    ---
--- @author  Sebastian Kersten                                                         ---
---                                                                                    ---
--- Please help keeping this service free by donating: https://paypal.me/thesocialcode ---
---                                                                                    ---
--- listening on *:3000 {"https":false,"mongo":false,"mongoauthenticate":false}        ---
------------------------------------------------------------------------------------------


2026.02.18, 09:38:43.0826 UTC -> 
------------------------------------------------------------------------------------------
--- CopyPaste.me - Frictionless sharing between devices                                ---
--- Created by The Social Code                                                         ---
---                                                                                    ---
--- @author  Sebastian Kersten                                                         ---
---                                                                                    ---
--- Please help keeping this service free by donating: https://paypal.me/thesocialcode ---
---                                                                                    ---
--- listening on *:3000 {"https":false,"mongo":false,"mongoauthenticate":false}        ---
------------------------------------------------------------------------------------------


2026.02.18, 09:43:30.0391 UTC -> 
------------------------------------------------------------------------------------------------
--- CopyPaste.me - Frictionless sharing between devices                                      ---
--- Created by The Social Code                                                               ---
---                                                                                          ---
--- @author  Sebastian Kersten                                                               ---
---                                                                                          ---
--- Please help keeping this service free by donating: https://paypal.me/thesocialcode       ---
---                                                                                          ---
--- listening on *:3000 {"mode":"dev","https":false,"mongo":false,"mongoauthenticate":false} ---
------------------------------------------------------------------------------------------------


2026.02.18, 09:44:12.0135 UTC -> 
------------------------------------------------------------------------------------------------
--- CopyPaste.me - Frictionless sharing between devices                                      ---
--- Created by The Social Code                                                               ---
---                                                                                          ---
--- @author  Sebastian Kersten                                                               ---
---                                                                                          ---
--- Please help keeping this service free by donating: https://paypal.me/thesocialcode       ---
---                                                                                          ---
--- listening on *:3000 {"mode":"dev","https":false,"mongo":false,"mongoauthenticate":false} ---
------------------------------------------------------------------------------------------------


2026.02.18, 10:34:56.0714 UTC -> 
------------------------------------------------------------------------------------------------
--- CopyPaste.me - Frictionless sharing between devices                                      ---
--- Created by The Social Code                                                               ---
---                                                                                          ---
--- @author  Sebastian Kersten                                                               ---
---                                                                                          ---
--- Please help keeping this service free by donating: https://paypal.me/thesocialcode       ---
---                                                                                          ---
--- listening on *:3000 {"mode":"dev","https":false,"mongo":false,"mongoauthenticate":false} ---
------------------------------------------------------------------------------------------------


2026.02.18, 10:36:15.0343 UTC -> 
------------------------------------------------------------------------------------------
--- CopyPaste.me - Frictionless sharing between devices                                ---
--- Created by The Social Code                                                         ---
---                                                                                    ---
--- @author  Sebastian Kersten                                                         ---
---                                                                                    ---
--- Please help keeping this service free by donating: https://paypal.me/thesocialcode ---
---                                                                                    ---
--- listening on *:3000 {"https":false,"mongo":false,"mongoauthenticate":false}        ---
------------------------------------------------------------------------------------------


2026.02.18, 10:44:17.0873 UTC -> 
------------------------------------------------------------------------------------------------
--- CopyPaste.me - Frictionless sharing between devices                                      ---
--- Created by The Social Code                                                               ---
---                                                                                          ---
--- @author  Sebastian Kersten                                                               ---
---                                                                                          ---
--- Please help keeping this service free by donating: https://paypal.me/thesocialcode       ---
---                                                                                          ---
--- listening on *:3000 {"mode":"dev","https":false,"mongo":false,"mongoauthenticate":false} ---
------------------------------------------------------------------------------------------------


2026.02.18, 16:51:51.0362 UTC -> 
------------------------------------------------------------------------------------------
--- CopyPaste.me - Frictionless sharing between devices                                ---
--- Created by The Social Code                                                         ---
---                                                                                    ---
--- @author  Sebastian Kersten                                                         ---
---                                                                                    ---
--- Please help keeping this service free by donating: https://paypal.me/thesocialcode ---
---                                                                                    ---
--- listening on *:3000 {"https":false,"mongo":false,"mongoauthenticate":false}        ---
------------------------------------------------------------------------------------------


2026.02.18, 17:31:27.0862 UTC -> 
------------------------------------------------------------------------------------------
--- CopyPaste.me - Frictionless sharing between devices                                ---
--- Created by The Social Code                                                         ---
---                                                                                    ---
--- @author  Sebastian Kersten                                                         ---
---                                                                                    ---
--- Please help keeping this service free by donating: https://paypal.me/thesocialcode ---
---                                                                                    ---
--- listening on *:3000 {"https":false,"mongo":false,"mongoauthenticate":false}        ---
------------------------------------------------------------------------------------------


